<?xml version="1.0" encoding="UTF-8"?>
<beans xmlns="http://www.springframework.org/schema/beans" xmlns:xsi="http://www.w3.org/2001/XMLSchema-instance"
 xmlns:security="http://www.springframework.org/schema/security"
 xsi:schemaLocation="
      http://www.springframework.org/schema/beans http://www.springframework.org/schema/beans/spring-beans-3.2.xsd
      http://www.springframework.org/schema/security http://www.springframework.org/schema/security/spring-security-3.2.xsd">

    <security:global-method-security secured-annotations="enabled" jsr250-annotations="enabled" pre-post-annotations="enabled" />

    <!-- Security configuration for REST services. -->
    <security:http create-session="never" entry-point-ref="restAuthenticationEntryPoint" authentication-manager-ref="authenticationManager">
        <security:intercept-url pattern="/**" />
        <security:form-login authentication-success-handler-ref="mySuccessHandler" authentication-failure-handler-ref="myFailureHandler" />
        <security:logout />
        <security:http-basic />
    </security:http>

    <bean id="restAuthenticationEntryPoint" class="org.anderes.edu.security.RestAuthenticationEntryPoint" />
    <bean id="mySuccessHandler" class="org.anderes.edu.security.RestAuthenticationSuccessHandler" />
    <bean id="myFailureHandler" class="org.springframework.security.web.authentication.SimpleUrlAuthenticationFailureHandler" />

    <!-- Authentication manager. -->
    <security:authentication-manager alias="authenticationManager">
        <security:authentication-provider>
            <security:user-service>
                <security:user name="admin" password="password" authorities="ROLE_ADMIN" />
                <security:user name="user" password="password" authorities="ROLE_USER" />
            </security:user-service>
        </security:authentication-provider>
    </security:authentication-manager>

</beans>
